<?xml version="1.0" encoding="UTF-8" standalone="yes"?><!DOCTYPE report PUBLIC "-//JACOCO//DTD Report 1.1//EN" "report.dtd"><report name="roman-number"><sessioninfo id="DESKTOP-VRG4I4R-8b61031c" start="1778164971897" dump="1778164972231"/><sessioninfo id="DESKTOP-VRG4I4R-81f4892f" start="1778165133676" dump="1778165134015"/><sessioninfo id="DESKTOP-VRG4I4R-ab5a7f06" start="1778165239363" dump="1778165239702"/><sessioninfo id="DESKTOP-VRG4I4R-e607da40" start="1778165340677" dump="1778165341010"/><sessioninfo id="DESKTOP-VRG4I4R-8d0e7bd6" start="1778167535696" dump="1778167536033"/><sessioninfo id="DESKTOP-VRG4I4R-ca9008b9" start="1778167814123" dump="1778167814466"/><package name="it/unipd/mtss"><class name="it/unipd/mtss/IntegerToRoman" sourcefilename="IntegerToRoman.java"><method name="&lt;init&gt;" desc="()V" line="7"><counter type="INSTRUCTION" missed="3" covered="0"/><counter type="LINE" missed="1" covered="0"/><counter type="COMPLEXITY" missed="1" covered="0"/><counter type="METHOD" missed="1" covered="0"/></method><method name="convert" desc="(I)Ljava/lang/String;" line="17"><counter type="INSTRUCTION" missed="0" covered="46"/><counter type="BRANCH" missed="0" covered="8"/><counter type="LINE" missed="0" covered="9"/><counter type="COMPLEXITY" missed="0" covered="5"/><counter type="METHOD" missed="0" covered="1"/></method><method name="&lt;clinit&gt;" desc="()V" line="9"><counter type="INSTRUCTION" missed="0" covered="111"/><counter type="LINE" missed="0" covered="2"/><counter type="COMPLEXITY" missed="0" covered="1"/><counter type="METHOD" missed="0" covered="1"/></method><counter type="INSTRUCTION" missed="3" covered="157"/><counter type="BRANCH" missed="0" covered="8"/><counter type="LINE" missed="1" covered="11"/><counter type="COMPLEXITY" missed="1" covered="6"/><counter type="METHOD" missed="1" covered="2"/><counter type="CLASS" missed="0" covered="1"/></class><class name="it/unipd/mtss/RomanPrinter" sourcefilename="RomanPrinter.java"><method name="&lt;init&gt;" desc="()V" line="7"><counter type="INSTRUCTION" missed="3" covered="0"/><counter type="LINE" missed="1" covered="0"/><counter type="COMPLEXITY" missed="1" covered="0"/><counter type="METHOD" missed="1" covered="0"/></method><method name="print" desc="(I)Ljava/lang/String;" line="76"><counter type="INSTRUCTION" missed="0" covered="4"/><counter type="LINE" missed="0" covered="1"/><counter type="COMPLEXITY" missed="0" covered="1"/><counter type="METHOD" missed="0" covered="1"/></method><method name="printAsciiArt" desc="(Ljava/lang/String;)Ljava/lang/String;" line="81"><counter type="INSTRUCTION" missed="0" covered="76"/><counter type="BRANCH" missed="0" covered="8"/><counter type="LINE" missed="0" covered="12"/><counter type="COMPLEXITY" missed="0" covered="5"/><counter type="METHOD" missed="0" covered="1"/></method><method name="getAsciiArt" desc="(C)[Ljava/lang/String;" line="102"><counter type="INSTRUCTION" missed="6" covered="16"/><counter type="BRANCH" missed="1" covered="7"/><counter type="LINE" missed="1" covered="8"/><counter type="COMPLEXITY" missed="1" covered="7"/><counter type="METHOD" missed="0" covered="1"/></method><method name="&lt;clinit&gt;" desc="()V" line="10"><counter type="INSTRUCTION" missed="0" covered="190"/><counter type="LINE" missed="0" covered="7"/><counter type="COMPLEXITY" missed="0" covered="1"/><counter type="METHOD" missed="0" covered="1"/></method><counter type="INSTRUCTION" missed="9" covered="286"/><counter type="BRANCH" missed="1" covered="15"/><counter type="LINE" missed="2" covered="28"/><counter type="COMPLEXITY" missed="2" covered="14"/><counter type="METHOD" missed="1" covered="4"/><counter type="CLASS" missed="0" covered="1"/></class><sourcefile name="RomanPrinter.java"><line nr="7" mi="3" ci="0" mb="0" cb="0"/><line nr="10" mi="0" ci="27" mb="0" cb="0"/><line nr="20" mi="0" ci="27" mb="0" cb="0"/><line nr="29" mi="0" ci="27" mb="0" cb="0"/><line nr="38" mi="0" ci="27" mb="0" cb="0"/><line nr="47" mi="0" ci="27" mb="0" cb="0"/><line nr="56" mi="0" ci="27" mb="0" cb="0"/><line nr="66" mi="0" ci="28" mb="0" cb="0"/><line nr="76" mi="0" ci="4" mb="0" cb="0"/><line nr="81" mi="0" ci="2" mb="0" cb="0"/><line nr="82" mi="0" ci="3" mb="0" cb="0"/><line nr="83" mi="0" ci="7" mb="0" cb="2"/><line nr="84" mi="0" ci="4" mb="0" cb="0"/><line nr="87" mi="0" ci="17" mb="0" cb="2"/><line nr="88" mi="0" ci="3" mb="0" cb="0"/><line nr="89" mi="0" ci="7" mb="0" cb="2"/><line nr="90" mi="0" ci="9" mb="0" cb="0"/><line nr="94" mi="0" ci="2" mb="0" cb="0"/><line nr="95" mi="0" ci="16" mb="0" cb="2"/><line nr="96" mi="0" ci="4" mb="0" cb="0"/><line nr="98" mi="0" ci="2" mb="0" cb="0"/><line nr="102" mi="0" ci="2" mb="1" cb="7"/><line nr="103" mi="0" ci="2" mb="0" cb="0"/><line nr="104" mi="0" ci="2" mb="0" cb="0"/><line nr="105" mi="0" ci="2" mb="0" cb="0"/><line nr="106" mi="0" ci="2" mb="0" cb="0"/><line nr="107" mi="0" ci="2" mb="0" cb="0"/><line nr="108" mi="0" ci="2" mb="0" cb="0"/><line nr="109" mi="0" ci="2" mb="0" cb="0"/><line nr="110" mi="6" ci="0" mb="0" cb="0"/><counter type="INSTRUCTION" missed="9" covered="286"/><counter type="BRANCH" missed="1" covered="15"/><counter type="LINE" missed="2" covered="28"/><counter type="COMPLEXITY" missed="2" covered="14"/><counter type="METHOD" missed="1" covered="4"/><counter type="CLASS" missed="0" covered="1"/></sourcefile><sourcefile name="IntegerToRoman.java"><line nr="7" mi="3" ci="0" mb="0" cb="0"/><line nr="9" mi="0" ci="55" mb="0" cb="0"/><line nr="12" mi="0" ci="56" mb="0" cb="0"/><line nr="17" mi="0" ci="6" mb="0" cb="4"/><line nr="18" mi="0" ci="5" mb="0" cb="0"/><line nr="22" mi="0" ci="4" mb="0" cb="0"/><line nr="23" mi="0" ci="2" mb="0" cb="0"/><line nr="25" mi="0" ci="8" mb="0" cb="2"/><line nr="26" mi="0" ci="5" mb="0" cb="2"/><line nr="27" mi="0" ci="6" mb="0" cb="0"/><line nr="28" mi="0" ci="7" mb="0" cb="0"/><line nr="32" mi="0" ci="3" mb="0" cb="0"/><counter type="INSTRUCTION" missed="3" covered="157"/><counter type="BRANCH" missed="0" covered="8"/><counter type="LINE" missed="1" covered="11"/><counter type="COMPLEXITY" missed="1" covered="6"/><counter type="METHOD" missed="1" covered="2"/><counter type="CLASS" missed="0" covered="1"/></sourcefile><counter type="INSTRUCTION" missed="12" covered="443"/><counter type="BRANCH" missed="1" covered="23"/><counter type="LINE" missed="3" covered="39"/><counter type="COMPLEXITY" missed="3" covered="20"/><counter type="METHOD" missed="2" covered="6"/><counter type="CLASS" missed="0" covered="2"/></package><counter type="INSTRUCTION" missed="12" covered="443"/><counter type="BRANCH" missed="1" covered="23"/><counter type="LINE" missed="3" covered="39"/><counter type="COMPLEXITY" missed="3" covered="20"/><counter type="METHOD" missed="2" covered="6"/><counter type="CLASS" missed="0" covered="2"/></report>