<?xml version="1.0" encoding="UTF-8"?>
<testsuite xmlns:xsi="http://www.w3.org/2001/XMLSchema-instance" xsi:noNamespaceSchemaLocation="https://maven.apache.org/surefire/maven-surefire-plugin/xsd/surefire-test-report.xsd" name="it.unipd.mtss.IntegerToRomanTest" time="0.059" tests="15" errors="0" skipped="0" failures="0">
  <properties>
[...]
</properties>
  <testcase name="testConvert_NumberTwo_ReturnsII" classname="it.unipd.mtss.IntegerToRomanTest" time="0.005"/>
  <testcase name="testConvert_NumberFive_ReturnsV" classname="it.unipd.mtss.IntegerToRomanTest" time="0"/>
  <testcase name="testConvert_NumberTen_ReturnsX" classname="it.unipd.mtss.IntegerToRomanTest" time="0"/>
  <testcase name="testConvert_NumberFour_ReturnsIV" classname="it.unipd.mtss.IntegerToRomanTest" time="0"/>
  <testcase name="testConvert_NumberFourteen_ReturnsXIV" classname="it.unipd.mtss.IntegerToRomanTest" time="0"/>
  <testcase name="testConvert_NumberNineteen_ReturnsXIX" classname="it.unipd.mtss.IntegerToRomanTest" time="0"/>
  <testcase name="testConvert_NumberTwenty_ReturnsXX" classname="it.unipd.mtss.IntegerToRomanTest" time="0"/>
  <testcase name="testConvert_NumberThree_ReturnsIII" classname="it.unipd.mtss.IntegerToRomanTest" time="0"/>
  <testcase name="testConvert_NumberZero_ThrowsException" classname="it.unipd.mtss.IntegerToRomanTest" time="0"/>
  <testcase name="testConvert_NumberOne_ReturnsI" classname="it.unipd.mtss.IntegerToRomanTest" time="0"/>
  <testcase name="testConvert_NumberFiftyOne_ThrowsException" classname="it.unipd.mtss.IntegerToRomanTest" time="0"/>
  <testcase name="testConvert_NumberForty_ReturnsXL" classname="it.unipd.mtss.IntegerToRomanTest" time="0"/>
  <testcase name="testConvert_NumberFifty_ReturnsL" classname="it.unipd.mtss.IntegerToRomanTest" time="0"/>
  <testcase name="testConvert_NumberNine_ReturnsIX" classname="it.unipd.mtss.IntegerToRomanTest" time="0.001"/>
  <testcase name="testConvert_NegativeNumber_ThrowsException" classname="it.unipd.mtss.IntegerToRomanTest" time="0"/>
</testsuite>